<?xml version="1.0" encoding="UTF-8"?>
<testng-results ignored="0" total="2" passed="0" failed="2" skipped="0">
  <reporter-output>
  </reporter-output>
  <suite started-at="2020-07-05T22:15:36 CEST" name="Default suite" finished-at="2020-07-05T22:19:31 CEST" duration-ms="234227">
    <groups>
      <group name="cucumber">
        <method signature="RunnerBase.scenario(io.cucumber.testng.PickleWrapper, io.cucumber.testng.FeatureWrapper)[pri:0, instance:com.qualipro.runners.ActionTestNGRunner@6aba2b86]" name="scenario" class="com.qualipro.runners.RunnerBase"/>
      </group> <!-- cucumber -->
    </groups>
    <test started-at="2020-07-05T22:15:36 CEST" name="Default test" finished-at="2020-07-05T22:19:31 CEST" duration-ms="234227">
      <class name="com.qualipro.runners.ActionTestNGRunner">
        <test-method is-config="true" signature="setUpClass(java.lang.String, java.lang.String, java.lang.String, java.lang.String, java.lang.String, java.lang.String, java.lang.String)[pri:0, instance:com.qualipro.runners.ActionTestNGRunner@6aba2b86]" started-at="2020-07-05T22:15:36 CEST" name="setUpClass" finished-at="2020-07-05T22:15:37 CEST" duration-ms="986" status="PASS">
          <params>
            <param index="0">
              <value>
                <![CDATA[Android]]>
              </value>
            </param>
            <param index="1">
              <value>
                <![CDATA[04157df491723b34]]>
              </value>
            </param>
            <param index="2">
              <value>
                <![CDATA[mootez]]>
              </value>
            </param>
            <param index="3">
              <value>
                <![CDATA[10000]]>
              </value>
            </param>
            <param index="4">
              <value>
                <![CDATA[11000]]>
              </value>
            </param>
            <param index="5">
              <value>
                <![CDATA[iOS]]>
              </value>
            </param>
            <param index="6">
              <value>
                <![CDATA[iOS]]>
              </value>
            </param>
          </params>
          <reporter-output>
          </reporter-output>
        </test-method> <!-- setUpClass -->
        <test-method signature="scenario(io.cucumber.testng.PickleWrapper, io.cucumber.testng.FeatureWrapper)[pri:0, instance:com.qualipro.runners.ActionTestNGRunner@6aba2b86]" started-at="2020-07-05T22:15:37 CEST" name="scenario" description="Runs Cucumber Scenarios" data-provider="scenarios" finished-at="2020-07-05T22:18:36 CEST" duration-ms="178461" status="FAIL">
          <params>
            <param index="0">
              <value>
                <![CDATA[""]]>
              </value>
            </param>
            <param index="1">
              <value>
                <![CDATA["Module Action"]]>
              </value>
            </param>
          </params>
          <exception class="org.openqa.selenium.WebDriverException">
            <message>
              <![CDATA[An unknown server-side error occurred while processing the command. Original error: Could not proxy command to remote server. Original error: Error: connect ECONNREFUSED 127.0.0.1:8201
Build info: version: '3.141.59', revision: 'e82be7d358', time: '2018-11-14T08:25:48'
System info: host: 'TAZ', ip: '192.168.43.160', os.name: 'Windows 10', os.arch: 'amd64', os.version: '10.0', java.version: '13'
Driver info: io.appium.java_client.android.AndroidDriver
Capabilities {appWaitActivity: com.saphirconsult.qualipro...., appWaitPackage: com.saphirconsult.qualipro...., databaseEnabled: false, desired: {appWaitActivity: com.saphirconsult.qualipro...., appWaitPackage: com.saphirconsult.qualipro...., deviceName: mootez, newCommandTimeout: 5000, platformName: android, platformVersion: 9.0}, deviceApiLevel: 28, deviceManufacturer: samsung, deviceModel: SM-J530F, deviceName: 52001f545a149429, deviceScreenDensity: 320, deviceScreenSize: 720x1280, deviceUDID: 52001f545a149429, javascriptEnabled: true, locationContextEnabled: false, networkConnectionEnabled: true, newCommandTimeout: 5000, pixelRatio: 2, platform: LINUX, platformName: Android, platformVersion: 9, statBarHeight: 48, takesScreenshot: true, viewportRect: {height: 1232, left: 0, top: 48, width: 720}, warnings: {}, webStorageEnabled: false}
Session ID: 5d2d06b6-296f-4cb6-9f1f-90af87c5c83e
*** Element info: {Using=id, value=com.saphirconsult.qualipro.myapplication:id/actionrealiserll}]]>
            </message>
            <full-stacktrace>
              <![CDATA[org.openqa.selenium.WebDriverException: An unknown server-side error occurred while processing the command. Original error: Could not proxy command to remote server. Original error: Error: connect ECONNREFUSED 127.0.0.1:8201
Build info: version: '3.141.59', revision: 'e82be7d358', time: '2018-11-14T08:25:48'
System info: host: 'TAZ', ip: '192.168.43.160', os.name: 'Windows 10', os.arch: 'amd64', os.version: '10.0', java.version: '13'
Driver info: io.appium.java_client.android.AndroidDriver
Capabilities {appWaitActivity: com.saphirconsult.qualipro...., appWaitPackage: com.saphirconsult.qualipro...., databaseEnabled: false, desired: {appWaitActivity: com.saphirconsult.qualipro...., appWaitPackage: com.saphirconsult.qualipro...., deviceName: mootez, newCommandTimeout: 5000, platformName: android, platformVersion: 9.0}, deviceApiLevel: 28, deviceManufacturer: samsung, deviceModel: SM-J530F, deviceName: 52001f545a149429, deviceScreenDensity: 320, deviceScreenSize: 720x1280, deviceUDID: 52001f545a149429, javascriptEnabled: true, locationContextEnabled: false, networkConnectionEnabled: true, newCommandTimeout: 5000, pixelRatio: 2, platform: LINUX, platformName: Android, platformVersion: 9, statBarHeight: 48, takesScreenshot: true, viewportRect: {height: 1232, left: 0, top: 48, width: 720}, warnings: {}, webStorageEnabled: false}
Session ID: 5d2d06b6-296f-4cb6-9f1f-90af87c5c83e
*** Element info: {Using=id, value=com.saphirconsult.qualipro.myapplication:id/actionrealiserll}
at java.base/jdk.internal.reflect.NativeConstructorAccessorImpl.newInstance0(Native Method)
at java.base/jdk.internal.reflect.NativeConstructorAccessorImpl.newInstance(NativeConstructorAccessorImpl.java:62)
at java.base/jdk.internal.reflect.DelegatingConstructorAccessorImpl.newInstance(DelegatingConstructorAccessorImpl.java:45)
at java.base/java.lang.reflect.Constructor.newInstanceWithCaller(Constructor.java:500)
at java.base/java.lang.reflect.Constructor.newInstance(Constructor.java:481)
at org.openqa.selenium.remote.http.W3CHttpResponseCodec.createException(W3CHttpResponseCodec.java:187)
at org.openqa.selenium.remote.http.W3CHttpResponseCodec.decode(W3CHttpResponseCodec.java:122)
at org.openqa.selenium.remote.http.W3CHttpResponseCodec.decode(W3CHttpResponseCodec.java:49)
at org.openqa.selenium.remote.HttpCommandExecutor.execute(HttpCommandExecutor.java:158)
at io.appium.java_client.remote.AppiumCommandExecutor.execute(AppiumCommandExecutor.java:239)
at org.openqa.selenium.remote.RemoteWebDriver.execute(RemoteWebDriver.java:552)
at io.appium.java_client.DefaultGenericMobileDriver.execute(DefaultGenericMobileDriver.java:41)
at io.appium.java_client.AppiumDriver.execute(AppiumDriver.java:1)
at io.appium.java_client.android.AndroidDriver.execute(AndroidDriver.java:1)
at org.openqa.selenium.remote.RemoteWebDriver.findElement(RemoteWebDriver.java:323)
at io.appium.java_client.DefaultGenericMobileDriver.findElement(DefaultGenericMobileDriver.java:61)
at io.appium.java_client.AppiumDriver.findElement(AppiumDriver.java:1)
at io.appium.java_client.android.AndroidDriver.findElement(AndroidDriver.java:1)
at org.openqa.selenium.remote.RemoteWebDriver.findElementById(RemoteWebDriver.java:372)
at io.appium.java_client.DefaultGenericMobileDriver.findElementById(DefaultGenericMobileDriver.java:69)
at io.appium.java_client.AppiumDriver.findElementById(AppiumDriver.java:1)
at io.appium.java_client.android.AndroidDriver.findElementById(AndroidDriver.java:1)
at org.openqa.selenium.By$ById.findElement(By.java:188)
at org.openqa.selenium.remote.RemoteWebDriver.findElement(RemoteWebDriver.java:315)
at io.appium.java_client.DefaultGenericMobileDriver.findElement(DefaultGenericMobileDriver.java:57)
at io.appium.java_client.AppiumDriver.findElement(AppiumDriver.java:1)
at io.appium.java_client.android.AndroidDriver.findElement(AndroidDriver.java:1)
at com.qualipro.pages.BasePage.click(BasePage.java:162)
at com.qualipro.pages.ActionPage.cliquesurActionarealiser(ActionPage.java:667)
at com.qualipro.stepdef.ActionStepDef.clique_sur_Action_a_realiser(ActionStepDef.java:204)
at ✽.clique sur Action a realiser(file:///C:/Users/mootez/eclipse-workspace/testauto-web-mobile/mobile/src/main/resources/features/Action.feature:50)
]]>
            </full-stacktrace>
          </exception> <!-- org.openqa.selenium.WebDriverException -->
          <reporter-output>
          </reporter-output>
        </test-method> <!-- scenario -->
        <test-method signature="scenario(io.cucumber.testng.PickleWrapper, io.cucumber.testng.FeatureWrapper)[pri:0, instance:com.qualipro.runners.ActionTestNGRunner@6aba2b86]" started-at="2020-07-05T22:18:36 CEST" name="scenario" description="Runs Cucumber Scenarios" data-provider="scenarios" finished-at="2020-07-05T22:19:03 CEST" duration-ms="27059" status="FAIL">
          <params>
            <param index="0">
              <value>
                <![CDATA[""]]>
              </value>
            </param>
            <param index="1">
              <value>
                <![CDATA["Module Action"]]>
              </value>
            </param>
          </params>
          <exception class="org.openqa.selenium.WebDriverException">
            <message>
              <![CDATA[org.openqa.selenium.WebDriverException: An unknown server-side error occurred while processing the command. Original error: Could not proxy command to remote server. Original error: Error: connect ECONNREFUSED 127.0.0.1:8201
Build info: version: '3.141.59', revision: 'e82be7d358', time: '2018-11-14T08:25:48'
System info: host: 'TAZ', ip: '192.168.43.160', os.name: 'Windows 10', os.arch: 'amd64', os.version: '10.0', java.version: '13'
Driver info: io.appium.java_client.android.AndroidDriver
Capabilities {appWaitActivity: com.saphirconsult.qualipro...., appWaitPackage: com.saphirconsult.qualipro...., databaseEnabled: false, desired: {appWaitActivity: com.saphirconsult.qualipro...., appWaitPackage: com.saphirconsult.qualipro...., deviceName: mootez, newCommandTimeout: 5000, platformName: android, platformVersion: 9.0}, deviceApiLevel: 28, deviceManufacturer: samsung, deviceModel: SM-J530F, deviceName: 52001f545a149429, deviceScreenDensity: 320, deviceScreenSize: 720x1280, deviceUDID: 52001f545a149429, javascriptEnabled: true, locationContextEnabled: false, networkConnectionEnabled: true, newCommandTimeout: 5000, pixelRatio: 2, platform: LINUX, platformName: Android, platformVersion: 9, statBarHeight: 48, takesScreenshot: true, viewportRect: {height: 1232, left: 0, top: 48, width: 720}, warnings: {}, webStorageEnabled: false}
Session ID: 5d2d06b6-296f-4cb6-9f1f-90af87c5c83e
*** Element info: {Using=id, value=com.saphirconsult.qualipro.myapplication:id/username}]]>
            </message>
            <full-stacktrace>
              <![CDATA[org.openqa.selenium.WebDriverException: org.openqa.selenium.WebDriverException: An unknown server-side error occurred while processing the command. Original error: Could not proxy command to remote server. Original error: Error: connect ECONNREFUSED 127.0.0.1:8201
Build info: version: '3.141.59', revision: 'e82be7d358', time: '2018-11-14T08:25:48'
System info: host: 'TAZ', ip: '192.168.43.160', os.name: 'Windows 10', os.arch: 'amd64', os.version: '10.0', java.version: '13'
Driver info: io.appium.java_client.android.AndroidDriver
Capabilities {appWaitActivity: com.saphirconsult.qualipro...., appWaitPackage: com.saphirconsult.qualipro...., databaseEnabled: false, desired: {appWaitActivity: com.saphirconsult.qualipro...., appWaitPackage: com.saphirconsult.qualipro...., deviceName: mootez, newCommandTimeout: 5000, platformName: android, platformVersion: 9.0}, deviceApiLevel: 28, deviceManufacturer: samsung, deviceModel: SM-J530F, deviceName: 52001f545a149429, deviceScreenDensity: 320, deviceScreenSize: 720x1280, deviceUDID: 52001f545a149429, javascriptEnabled: true, locationContextEnabled: false, networkConnectionEnabled: true, newCommandTimeout: 5000, pixelRatio: 2, platform: LINUX, platformName: Android, platformVersion: 9, statBarHeight: 48, takesScreenshot: true, viewportRect: {height: 1232, left: 0, top: 48, width: 720}, warnings: {}, webStorageEnabled: false}
Session ID: 5d2d06b6-296f-4cb6-9f1f-90af87c5c83e
*** Element info: {Using=id, value=com.saphirconsult.qualipro.myapplication:id/username}
at io.appium.java_client.pagefactory.AppiumElementLocator$WaitingFunction.apply(AppiumElementLocator.java:192)
at io.appium.java_client.pagefactory.AppiumElementLocator$WaitingFunction.apply(AppiumElementLocator.java:1)
at org.openqa.selenium.support.ui.FluentWait.until(FluentWait.java:249)
at io.appium.java_client.pagefactory.AppiumElementLocator.waitFor(AppiumElementLocator.java:99)
at io.appium.java_client.pagefactory.AppiumElementLocator.findElement(AppiumElementLocator.java:119)
at io.appium.java_client.pagefactory.interceptors.InterceptorOfASingleElement.intercept(InterceptorOfASingleElement.java:59)
at io.appium.java_client.android.AndroidElement$$EnhancerByCGLIB$$b598166c.sendKeys(<generated>)
at com.qualipro.pages.BasePage.sendKeys(BasePage.java:224)
at com.qualipro.pages.ActionPage.enterUserName(ActionPage.java:231)
at com.qualipro.stepdef.ActionStepDef.saisir_Login_et_PW(ActionStepDef.java:27)
at ✽.saisir Login  et PW(file:///C:/Users/mootez/eclipse-workspace/testauto-web-mobile/mobile/src/main/resources/features/Action.feature:49)
Caused by: org.openqa.selenium.WebDriverException: An unknown server-side error occurred while processing the command. Original error: Could not proxy command to remote server. Original error: Error: connect ECONNREFUSED 127.0.0.1:8201
Build info: version: '3.141.59', revision: 'e82be7d358', time: '2018-11-14T08:25:48'
System info: host: 'TAZ', ip: '192.168.43.160', os.name: 'Windows 10', os.arch: 'amd64', os.version: '10.0', java.version: '13'
Driver info: io.appium.java_client.android.AndroidDriver
Capabilities {appWaitActivity: com.saphirconsult.qualipro...., appWaitPackage: com.saphirconsult.qualipro...., databaseEnabled: false, desired: {appWaitActivity: com.saphirconsult.qualipro...., appWaitPackage: com.saphirconsult.qualipro...., deviceName: mootez, newCommandTimeout: 5000, platformName: android, platformVersion: 9.0}, deviceApiLevel: 28, deviceManufacturer: samsung, deviceModel: SM-J530F, deviceName: 52001f545a149429, deviceScreenDensity: 320, deviceScreenSize: 720x1280, deviceUDID: 52001f545a149429, javascriptEnabled: true, locationContextEnabled: false, networkConnectionEnabled: true, newCommandTimeout: 5000, pixelRatio: 2, platform: LINUX, platformName: Android, platformVersion: 9, statBarHeight: 48, takesScreenshot: true, viewportRect: {height: 1232, left: 0, top: 48, width: 720}, warnings: {}, webStorageEnabled: false}
Session ID: 5d2d06b6-296f-4cb6-9f1f-90af87c5c83e
*** Element info: {Using=id, value=com.saphirconsult.qualipro.myapplication:id/username}
at java.base/jdk.internal.reflect.NativeConstructorAccessorImpl.newInstance0(Native Method)
at java.base/jdk.internal.reflect.NativeConstructorAccessorImpl.newInstance(NativeConstructorAccessorImpl.java:62)
at java.base/jdk.internal.reflect.DelegatingConstructorAccessorImpl.newInstance(DelegatingConstructorAccessorImpl.java:45)
at java.base/java.lang.reflect.Constructor.newInstanceWithCaller(Constructor.java:500)
at java.base/java.lang.reflect.Constructor.newInstance(Constructor.java:481)
at org.openqa.selenium.remote.http.W3CHttpResponseCodec.createException(W3CHttpResponseCodec.java:187)
at org.openqa.selenium.remote.http.W3CHttpResponseCodec.decode(W3CHttpResponseCodec.java:122)
at org.openqa.selenium.remote.http.W3CHttpResponseCodec.decode(W3CHttpResponseCodec.java:49)
at org.openqa.selenium.remote.HttpCommandExecutor.execute(HttpCommandExecutor.java:158)
at io.appium.java_client.remote.AppiumCommandExecutor.execute(AppiumCommandExecutor.java:239)
at org.openqa.selenium.remote.RemoteWebDriver.execute(RemoteWebDriver.java:552)
at io.appium.java_client.DefaultGenericMobileDriver.execute(DefaultGenericMobileDriver.java:41)
at io.appium.java_client.AppiumDriver.execute(AppiumDriver.java:1)
at io.appium.java_client.android.AndroidDriver.execute(AndroidDriver.java:1)
at org.openqa.selenium.remote.RemoteWebDriver.findElement(RemoteWebDriver.java:323)
at io.appium.java_client.DefaultGenericMobileDriver.findElement(DefaultGenericMobileDriver.java:61)
at io.appium.java_client.AppiumDriver.findElement(AppiumDriver.java:1)
at io.appium.java_client.android.AndroidDriver.findElement(AndroidDriver.java:1)
at org.openqa.selenium.remote.RemoteWebDriver.findElementById(RemoteWebDriver.java:372)
at io.appium.java_client.DefaultGenericMobileDriver.findElementById(DefaultGenericMobileDriver.java:69)
at io.appium.java_client.AppiumDriver.findElementById(AppiumDriver.java:1)
at io.appium.java_client.android.AndroidDriver.findElementById(AndroidDriver.java:1)
at org.openqa.selenium.By$ById.findElement(By.java:188)
at org.openqa.selenium.remote.RemoteWebDriver.findElement(RemoteWebDriver.java:315)
at io.appium.java_client.DefaultGenericMobileDriver.findElement(DefaultGenericMobileDriver.java:57)
at io.appium.java_client.AppiumDriver.findElement(AppiumDriver.java:1)
at io.appium.java_client.android.AndroidDriver.findElement(AndroidDriver.java:1)
at io.appium.java_client.pagefactory.bys.builder.ByChained.lambda$0(ByChained.java:38)
at org.openqa.selenium.support.ui.FluentWait.until(FluentWait.java:249)
at io.appium.java_client.pagefactory.bys.builder.ByChained.findElement(ByChained.java:72)
at org.openqa.selenium.remote.RemoteWebDriver.findElement(RemoteWebDriver.java:315)
at io.appium.java_client.DefaultGenericMobileDriver.findElement(DefaultGenericMobileDriver.java:57)
at io.appium.java_client.AppiumDriver.findElement(AppiumDriver.java:1)
at io.appium.java_client.android.AndroidDriver.findElement(AndroidDriver.java:1)
at io.appium.java_client.pagefactory.bys.ContentMappedBy.findElement(ContentMappedBy.java:50)
at org.openqa.selenium.remote.RemoteWebDriver.findElement(RemoteWebDriver.java:315)
at io.appium.java_client.DefaultGenericMobileDriver.findElement(DefaultGenericMobileDriver.java:57)
at io.appium.java_client.AppiumDriver.findElement(AppiumDriver.java:1)
at io.appium.java_client.android.AndroidDriver.findElement(AndroidDriver.java:1)
at io.appium.java_client.pagefactory.AppiumElementLocator.lambda$0(AppiumElementLocator.java:120)
at io.appium.java_client.pagefactory.AppiumElementLocator$WaitingFunction.apply(AppiumElementLocator.java:172)
at io.appium.java_client.pagefactory.AppiumElementLocator$WaitingFunction.apply(AppiumElementLocator.java:1)
at org.openqa.selenium.support.ui.FluentWait.until(FluentWait.java:249)
at io.appium.java_client.pagefactory.AppiumElementLocator.waitFor(AppiumElementLocator.java:99)
at io.appium.java_client.pagefactory.AppiumElementLocator.findElement(AppiumElementLocator.java:119)
at io.appium.java_client.pagefactory.interceptors.InterceptorOfASingleElement.intercept(InterceptorOfASingleElement.java:59)
at io.appium.java_client.android.AndroidElement$$EnhancerByCGLIB$$b598166c.sendKeys(<generated>)
at com.qualipro.pages.BasePage.sendKeys(BasePage.java:224)
at com.qualipro.pages.ActionPage.enterUserName(ActionPage.java:231)
at com.qualipro.stepdef.ActionStepDef.saisir_Login_et_PW(ActionStepDef.java:27)
at java.base/jdk.internal.reflect.NativeMethodAccessorImpl.invoke0(Native Method)
at java.base/jdk.internal.reflect.NativeMethodAccessorImpl.invoke(NativeMethodAccessorImpl.java:62)
at java.base/jdk.internal.reflect.DelegatingMethodAccessorImpl.invoke(DelegatingMethodAccessorImpl.java:43)
at java.base/java.lang.reflect.Method.invoke(Method.java:567)
at io.cucumber.java.Invoker.invoke(Invoker.java:27)
at io.cucumber.java.JavaStepDefinition.execute(JavaStepDefinition.java:27)
at io.cucumber.core.runner.PickleStepDefinitionMatch.runStep(PickleStepDefinitionMatch.java:63)
at io.cucumber.core.runner.TestStep.executeStep(TestStep.java:64)
at io.cucumber.core.runner.TestStep.run(TestStep.java:49)
at io.cucumber.core.runner.PickleStepTestStep.run(PickleStepTestStep.java:46)
at io.cucumber.core.runner.TestCase.run(TestCase.java:51)
at io.cucumber.core.runner.Runner.runPickle(Runner.java:67)
at io.cucumber.testng.TestNGCucumberRunner.runScenario(TestNGCucumberRunner.java:124)
at com.qualipro.runners.RunnerBase.scenario(RunnerBase.java:59)
at java.base/jdk.internal.reflect.NativeMethodAccessorImpl.invoke0(Native Method)
at java.base/jdk.internal.reflect.NativeMethodAccessorImpl.invoke(NativeMethodAccessorImpl.java:62)
at java.base/jdk.internal.reflect.DelegatingMethodAccessorImpl.invoke(DelegatingMethodAccessorImpl.java:43)
at java.base/java.lang.reflect.Method.invoke(Method.java:567)
at org.testng.internal.MethodInvocationHelper.invokeMethod(MethodInvocationHelper.java:134)
at org.testng.internal.TestInvoker.invokeMethod(TestInvoker.java:597)
at org.testng.internal.TestInvoker.invokeTestMethod(TestInvoker.java:173)
at org.testng.internal.MethodRunner.runInSequence(MethodRunner.java:46)
at org.testng.internal.TestInvoker$MethodInvocationAgent.invoke(TestInvoker.java:816)
at org.testng.internal.TestInvoker.invokeTestMethods(TestInvoker.java:146)
at org.testng.internal.TestMethodWorker.invokeTestMethods(TestMethodWorker.java:146)
at org.testng.internal.TestMethodWorker.run(TestMethodWorker.java:128)
at java.base/java.util.ArrayList.forEach(ArrayList.java:1507)
at org.testng.TestRunner.privateRun(TestRunner.java:766)
at org.testng.TestRunner.run(TestRunner.java:587)
at org.testng.SuiteRunner.runTest(SuiteRunner.java:384)
at org.testng.SuiteRunner.runSequentially(SuiteRunner.java:378)
at org.testng.SuiteRunner.privateRun(SuiteRunner.java:337)
at org.testng.SuiteRunner.run(SuiteRunner.java:286)
at org.testng.SuiteRunnerWorker.runSuite(SuiteRunnerWorker.java:53)
at org.testng.SuiteRunnerWorker.run(SuiteRunnerWorker.java:96)
at org.testng.TestNG.runSuitesSequentially(TestNG.java:1187)
at org.testng.TestNG.runSuitesLocally(TestNG.java:1109)
at org.testng.TestNG.runSuites(TestNG.java:1039)
at org.testng.TestNG.run(TestNG.java:1007)
at org.testng.remote.AbstractRemoteTestNG.run(AbstractRemoteTestNG.java:115)
at org.testng.remote.RemoteTestNG.initAndRun(RemoteTestNG.java:251)
at org.testng.remote.RemoteTestNG.main(RemoteTestNG.java:77)
]]>
            </full-stacktrace>
          </exception> <!-- org.openqa.selenium.WebDriverException -->
          <reporter-output>
          </reporter-output>
        </test-method> <!-- scenario -->
        <test-method is-config="true" signature="tearDownClass()[pri:0, instance:com.qualipro.runners.ActionTestNGRunner@6aba2b86]" started-at="2020-07-05T22:19:03 CEST" name="tearDownClass" finished-at="2020-07-05T22:19:31 CEST" duration-ms="27629" status="FAIL">
          <exception class="org.openqa.selenium.WebDriverException">
            <message>
              <![CDATA[An unknown server-side error occurred while processing the command. Original error: Error executing adbExec. Original error: 'Command 'C:\\Users\\mootez\\AppData\\Local\\Android\\Sdk\\platform-tools\\adb.exe -P 5037 -s 52001f545a149429 shell settings delete global hidden_api_policy_pre_p_apps' exited with code 1'; Stderr: '* daemon not running; starting now at tcp:5037
* daemon started successfully
adb.exe: device '52001f545a149429' not found'; Code: '1'
Build info: version: '3.141.59', revision: 'e82be7d358', time: '2018-11-14T08:25:48'
System info: host: 'TAZ', ip: '192.168.43.160', os.name: 'Windows 10', os.arch: 'amd64', os.version: '10.0', java.version: '13'
Driver info: io.appium.java_client.android.AndroidDriver
Capabilities {appWaitActivity: com.saphirconsult.qualipro...., appWaitPackage: com.saphirconsult.qualipro...., databaseEnabled: false, desired: {appWaitActivity: com.saphirconsult.qualipro...., appWaitPackage: com.saphirconsult.qualipro...., deviceName: mootez, newCommandTimeout: 5000, platformName: android, platformVersion: 9.0}, deviceApiLevel: 28, deviceManufacturer: samsung, deviceModel: SM-J530F, deviceName: 52001f545a149429, deviceScreenDensity: 320, deviceScreenSize: 720x1280, deviceUDID: 52001f545a149429, javascriptEnabled: true, locationContextEnabled: false, networkConnectionEnabled: true, newCommandTimeout: 5000, pixelRatio: 2, platform: LINUX, platformName: Android, platformVersion: 9, statBarHeight: 48, takesScreenshot: true, viewportRect: {height: 1232, left: 0, top: 48, width: 720}, warnings: {}, webStorageEnabled: false}
Session ID: 5d2d06b6-296f-4cb6-9f1f-90af87c5c83e]]>
            </message>
            <full-stacktrace>
              <![CDATA[org.openqa.selenium.WebDriverException: An unknown server-side error occurred while processing the command. Original error: Error executing adbExec. Original error: 'Command 'C:\\Users\\mootez\\AppData\\Local\\Android\\Sdk\\platform-tools\\adb.exe -P 5037 -s 52001f545a149429 shell settings delete global hidden_api_policy_pre_p_apps' exited with code 1'; Stderr: '* daemon not running; starting now at tcp:5037
* daemon started successfully
adb.exe: device '52001f545a149429' not found'; Code: '1'
Build info: version: '3.141.59', revision: 'e82be7d358', time: '2018-11-14T08:25:48'
System info: host: 'TAZ', ip: '192.168.43.160', os.name: 'Windows 10', os.arch: 'amd64', os.version: '10.0', java.version: '13'
Driver info: io.appium.java_client.android.AndroidDriver
Capabilities {appWaitActivity: com.saphirconsult.qualipro...., appWaitPackage: com.saphirconsult.qualipro...., databaseEnabled: false, desired: {appWaitActivity: com.saphirconsult.qualipro...., appWaitPackage: com.saphirconsult.qualipro...., deviceName: mootez, newCommandTimeout: 5000, platformName: android, platformVersion: 9.0}, deviceApiLevel: 28, deviceManufacturer: samsung, deviceModel: SM-J530F, deviceName: 52001f545a149429, deviceScreenDensity: 320, deviceScreenSize: 720x1280, deviceUDID: 52001f545a149429, javascriptEnabled: true, locationContextEnabled: false, networkConnectionEnabled: true, newCommandTimeout: 5000, pixelRatio: 2, platform: LINUX, platformName: Android, platformVersion: 9, statBarHeight: 48, takesScreenshot: true, viewportRect: {height: 1232, left: 0, top: 48, width: 720}, warnings: {}, webStorageEnabled: false}
Session ID: 5d2d06b6-296f-4cb6-9f1f-90af87c5c83e
at java.base/jdk.internal.reflect.NativeConstructorAccessorImpl.newInstance0(Native Method)
at java.base/jdk.internal.reflect.NativeConstructorAccessorImpl.newInstance(NativeConstructorAccessorImpl.java:62)
at java.base/jdk.internal.reflect.DelegatingConstructorAccessorImpl.newInstance(DelegatingConstructorAccessorImpl.java:45)
at java.base/java.lang.reflect.Constructor.newInstanceWithCaller(Constructor.java:500)
at java.base/java.lang.reflect.Constructor.newInstance(Constructor.java:481)
at org.openqa.selenium.remote.http.W3CHttpResponseCodec.createException(W3CHttpResponseCodec.java:187)
at org.openqa.selenium.remote.http.W3CHttpResponseCodec.decode(W3CHttpResponseCodec.java:122)
at org.openqa.selenium.remote.http.W3CHttpResponseCodec.decode(W3CHttpResponseCodec.java:49)
at org.openqa.selenium.remote.HttpCommandExecutor.execute(HttpCommandExecutor.java:158)
at io.appium.java_client.remote.AppiumCommandExecutor.execute(AppiumCommandExecutor.java:239)
at org.openqa.selenium.remote.RemoteWebDriver.execute(RemoteWebDriver.java:552)
at io.appium.java_client.DefaultGenericMobileDriver.execute(DefaultGenericMobileDriver.java:45)
at io.appium.java_client.AppiumDriver.execute(AppiumDriver.java:1)
at io.appium.java_client.android.AndroidDriver.execute(AndroidDriver.java:1)
at org.openqa.selenium.remote.RemoteWebDriver.quit(RemoteWebDriver.java:452)
at com.qualipro.runners.RunnerBase.tearDownClass(RunnerBase.java:73)
at java.base/jdk.internal.reflect.NativeMethodAccessorImpl.invoke0(Native Method)
at java.base/jdk.internal.reflect.NativeMethodAccessorImpl.invoke(NativeMethodAccessorImpl.java:62)
at java.base/jdk.internal.reflect.DelegatingMethodAccessorImpl.invoke(DelegatingMethodAccessorImpl.java:43)
at java.base/java.lang.reflect.Method.invoke(Method.java:567)
at org.testng.internal.MethodInvocationHelper.invokeMethod(MethodInvocationHelper.java:134)
at org.testng.internal.MethodInvocationHelper.invokeMethodConsideringTimeout(MethodInvocationHelper.java:63)
at org.testng.internal.ConfigInvoker.invokeConfigurationMethod(ConfigInvoker.java:348)
at org.testng.internal.ConfigInvoker.invokeConfigurations(ConfigInvoker.java:302)
at org.testng.internal.TestMethodWorker.invokeAfterClassMethods(TestMethodWorker.java:217)
at org.testng.internal.TestMethodWorker.run(TestMethodWorker.java:130)
at java.base/java.util.ArrayList.forEach(ArrayList.java:1507)
at org.testng.TestRunner.privateRun(TestRunner.java:766)
at org.testng.TestRunner.run(TestRunner.java:587)
at org.testng.SuiteRunner.runTest(SuiteRunner.java:384)
at org.testng.SuiteRunner.runSequentially(SuiteRunner.java:378)
at org.testng.SuiteRunner.privateRun(SuiteRunner.java:337)
at org.testng.SuiteRunner.run(SuiteRunner.java:286)
at org.testng.SuiteRunnerWorker.runSuite(SuiteRunnerWorker.java:53)
at org.testng.SuiteRunnerWorker.run(SuiteRunnerWorker.java:96)
at org.testng.TestNG.runSuitesSequentially(TestNG.java:1187)
at org.testng.TestNG.runSuitesLocally(TestNG.java:1109)
at org.testng.TestNG.runSuites(TestNG.java:1039)
at org.testng.TestNG.run(TestNG.java:1007)
at org.testng.remote.AbstractRemoteTestNG.run(AbstractRemoteTestNG.java:115)
at org.testng.remote.RemoteTestNG.initAndRun(RemoteTestNG.java:251)
at org.testng.remote.RemoteTestNG.main(RemoteTestNG.java:77)
]]>
            </full-stacktrace>
          </exception> <!-- org.openqa.selenium.WebDriverException -->
          <reporter-output>
          </reporter-output>
        </test-method> <!-- tearDownClass -->
      </class> <!-- com.qualipro.runners.ActionTestNGRunner -->
    </test> <!-- Default test -->
  </suite> <!-- Default suite -->
</testng-results>
