<?xml version="1.0" encoding="UTF-8"?>
<!-- Generated by org.testng.reporters.JUnitXMLReporter -->
<testsuite ignored="0" hostname="taz" failures="1" tests="1" name="module-action-web" time="119.662" errors="0" timestamp="09 juil. 2020 18:37:02 GMT">
  <testcase classname="cucumber.api.testng.AbstractTestNGCucumberTests" name="feature" time="117.757">
    <failure type="cucumber.runtime.CucumberException" message="java.io.FileNotFoundException: src\main\resources\testData\TestData.xlsx (Le chemin d’accès spécifié est introuvable)">
      <![CDATA[cucumber.runtime.CucumberException: java.io.FileNotFoundException: src\main\resources\testData\TestData.xlsx (Le chemin d’accès spécifié est introuvable)
at cucumber.api.testng.TestNGCucumberRunner.runCucumber(TestNGCucumberRunner.java:69)
at cucumber.api.testng.AbstractTestNGCucumberTests.feature(AbstractTestNGCucumberTests.java:21)
at java.base/java.util.concurrent.FutureTask.run(FutureTask.java:264)
at java.base/java.util.concurrent.ThreadPoolExecutor.runWorker(ThreadPoolExecutor.java:1128)
at java.base/java.util.concurrent.ThreadPoolExecutor$Worker.run(ThreadPoolExecutor.java:628)
at java.base/java.lang.Thread.run(Thread.java:830)
Caused by: java.io.FileNotFoundException: src\main\resources\testData\TestData.xlsx (Le chemin d’accès spécifié est introuvable)
at java.base/java.io.FileInputStream.open0(Native Method)
at java.base/java.io.FileInputStream.open(FileInputStream.java:213)
at java.base/java.io.FileInputStream.<init>(FileInputStream.java:155)
at java.base/java.io.FileInputStream.<init>(FileInputStream.java:110)
at com.qualiprobdd.e2etests.util.ExcelUtils.setExcelFile(ExcelUtils.java:35)
at com.qualiprobdd.e2etests.moduleAction.stepdefs.FicheActionStepDefinition.consulter_action_a_traiter(FicheActionStepDefinition.java:397)
at ✽.When Consulter action a traiter(src/specs/features/moduleAction/Action.feature:56)
... Removed 16 stack frames]]>
    </failure>
  </testcase> <!-- feature -->
</testsuite> <!-- module-action-web -->
