<?xml version="1.0" encoding="UTF-8"?>
<testng-results ignored="0" total="1" passed="0" failed="1" skipped="0">
  <reporter-output>
  </reporter-output>
  <suite started-at="2020-07-09T18:35:03Z" name="Suite" finished-at="2020-07-09T18:37:02Z" duration-ms="119662">
    <groups>
      <group name="cucumber">
        <method signature="AbstractTestNGCucumberTests.feature(cucumber.api.testng.CucumberFeatureWrapper)[pri:0, instance:com.qualiprobdd.e2etests.ActionRunner@9225652]" name="feature" class="cucumber.api.testng.AbstractTestNGCucumberTests"/>
      </group> <!-- cucumber -->
    </groups>
    <test started-at="2020-07-09T18:35:03Z" name="module-action-web" finished-at="2020-07-09T18:37:02Z" duration-ms="119662">
      <class name="com.qualiprobdd.e2etests.ActionRunner">
        <test-method is-config="true" signature="setUpClass()[pri:0, instance:com.qualiprobdd.e2etests.ActionRunner@9225652]" started-at="2020-07-09T18:35:03Z" name="setUpClass" finished-at="2020-07-09T18:35:04Z" duration-ms="1044" status="PASS">
          <reporter-output>
          </reporter-output>
        </test-method> <!-- setUpClass -->
        <test-method signature="feature(cucumber.api.testng.CucumberFeatureWrapper)[pri:0, instance:com.qualiprobdd.e2etests.ActionRunner@9225652]" started-at="2020-07-09T18:35:04Z" name="feature" description="Runs Cucumber Feature" data-provider="features" finished-at="2020-07-09T18:37:02Z" duration-ms="117757" status="FAIL">
          <params>
            <param index="0">
              <value>
                <![CDATA[Qualipro- Test fiche Action]]>
              </value>
            </param>
          </params>
          <exception class="cucumber.runtime.CucumberException">
            <message>
              <![CDATA[java.io.FileNotFoundException: src\main\resources\testData\TestData.xlsx (Le chemin d’accès spécifié est introuvable)]]>
            </message>
            <full-stacktrace>
              <![CDATA[cucumber.runtime.CucumberException: java.io.FileNotFoundException: src\main\resources\testData\TestData.xlsx (Le chemin d’accès spécifié est introuvable)
at cucumber.api.testng.TestNGCucumberRunner.runCucumber(TestNGCucumberRunner.java:69)
at cucumber.api.testng.AbstractTestNGCucumberTests.feature(AbstractTestNGCucumberTests.java:21)
at java.base/jdk.internal.reflect.NativeMethodAccessorImpl.invoke0(Native Method)
at java.base/jdk.internal.reflect.NativeMethodAccessorImpl.invoke(NativeMethodAccessorImpl.java:62)
at java.base/jdk.internal.reflect.DelegatingMethodAccessorImpl.invoke(DelegatingMethodAccessorImpl.java:43)
at java.base/java.lang.reflect.Method.invoke(Method.java:567)
at org.testng.internal.MethodInvocationHelper.invokeMethod(MethodInvocationHelper.java:124)
at org.testng.internal.Invoker.invokeMethod(Invoker.java:580)
at org.testng.internal.Invoker.invokeTestMethod(Invoker.java:716)
at org.testng.internal.Invoker.invokeTestMethods(Invoker.java:988)
at org.testng.internal.TestMethodWorker.invokeTestMethods(TestMethodWorker.java:125)
at org.testng.internal.TestMethodWorker.run(TestMethodWorker.java:109)
at org.testng.TestRunner.privateRun(TestRunner.java:648)
at org.testng.TestRunner.run(TestRunner.java:505)
at org.testng.SuiteRunner.runTest(SuiteRunner.java:455)
at org.testng.SuiteRunner.access$000(SuiteRunner.java:40)
at org.testng.SuiteRunner$SuiteWorker.run(SuiteRunner.java:489)
at org.testng.internal.thread.ThreadUtil$1.call(ThreadUtil.java:52)
at java.base/java.util.concurrent.FutureTask.run(FutureTask.java:264)
at java.base/java.util.concurrent.ThreadPoolExecutor.runWorker(ThreadPoolExecutor.java:1128)
at java.base/java.util.concurrent.ThreadPoolExecutor$Worker.run(ThreadPoolExecutor.java:628)
at java.base/java.lang.Thread.run(Thread.java:830)
Caused by: java.io.FileNotFoundException: src\main\resources\testData\TestData.xlsx (Le chemin d’accès spécifié est introuvable)
at java.base/java.io.FileInputStream.open0(Native Method)
at java.base/java.io.FileInputStream.open(FileInputStream.java:213)
at java.base/java.io.FileInputStream.<init>(FileInputStream.java:155)
at java.base/java.io.FileInputStream.<init>(FileInputStream.java:110)
at com.qualiprobdd.e2etests.util.ExcelUtils.setExcelFile(ExcelUtils.java:35)
at com.qualiprobdd.e2etests.moduleAction.stepdefs.FicheActionStepDefinition.consulter_action_a_traiter(FicheActionStepDefinition.java:397)
at ✽.When Consulter action a traiter(src/specs/features/moduleAction/Action.feature:56)
]]>
            </full-stacktrace>
          </exception> <!-- cucumber.runtime.CucumberException -->
          <reporter-output>
          </reporter-output>
        </test-method> <!-- feature -->
        <test-method is-config="true" signature="writeExtentReport()[pri:0, instance:com.qualiprobdd.e2etests.ActionRunner@9225652]" started-at="2020-07-09T18:37:02Z" name="writeExtentReport" finished-at="2020-07-09T18:37:02Z" duration-ms="1" status="PASS">
          <reporter-output>
          </reporter-output>
        </test-method> <!-- writeExtentReport -->
        <test-method is-config="true" signature="tearDownClass()[pri:0, instance:com.qualiprobdd.e2etests.ActionRunner@9225652]" started-at="2020-07-09T18:37:02Z" name="tearDownClass" finished-at="2020-07-09T18:37:02Z" duration-ms="557" status="PASS">
          <reporter-output>
          </reporter-output>
        </test-method> <!-- tearDownClass -->
      </class> <!-- com.qualiprobdd.e2etests.ActionRunner -->
    </test> <!-- module-action-web -->
  </suite> <!-- Suite -->
</testng-results>
