<?xml version="1.0" encoding="UTF-8"?>
<testsuite xmlns:xsi="http://www.w3.org/2001/XMLSchema-instance" xsi:noNamespaceSchemaLocation="https://maven.apache.org/surefire/maven-surefire-plugin/xsd/surefire-test-report.xsd" name="TestSuite" time="123.311" tests="1" errors="0" skipped="0" failures="1">
  <properties>
[...]
</properties>
  <testcase name="feature" classname="com.qualiprobdd.e2etests.ActionRunner" time="119.593">
    <failure message="java.io.FileNotFoundException: src\main\resources\testData\TestData.xlsx (Le chemin d’accès spécifié est introuvable)" type="cucumber.runtime.CucumberException">cucumber.runtime.CucumberException: java.io.FileNotFoundException: src\main\resources\testData\TestData.xlsx (Le chemin d’accès spécifié est introuvable)
Caused by: java.io.FileNotFoundException: src\main\resources\testData\TestData.xlsx (Le chemin d’accès spécifié est introuvable)
</failure>
    <system-out><![CDATA[Feature: Qualipro- Test fiche Action
  En tant que utilisateur je souhaite remplir une fiche Action

  @RealisationetSuiviAction
  Scenario Outline: Qualipro- En tant que responsable, je souhaite traiter et suivre l action avec des taux différents # src/specs/features/moduleAction/Action.feature:51
    Given Ouvrir le site QualiProWeb
    And saisir Login et PW
    And cliquer sur ouvrir une session
    And saisir <exemple> action
    When Consulter action a traiter
    And Réaliser action avec <A taux realisation>
    Then Vérifier etat action realisé
    And Consulter action a suivre
    Then vérifier taux réalisation
    When suivre action avec <N taux realisation> et <taux suivi>
    Then Vérifier etat action suivi
    And Clôturée Action

    Examples: 
Get driver Started
 INFO [TestNG-tests-1] (AuthentificationStepDefinition.java:34) - Begin : Ouvrir l'application QualiProWeb 
 INFO [TestNG-tests-1] (AuthentificationStepDefinition.java:44) - saisi login et mot de passe
 INFO [TestNG-tests-1] (AuthentificationStepDefinition.java:66) - click sur ouvrir une session
Get driver Started

  @RealisationetSuiviAction
  Scenario Outline: Qualipro- En tant que responsable, je souhaite traiter et suivre l action avec des taux différents # src/specs/features/moduleAction/Action.feature:67
    Given Ouvrir le site QualiProWeb                                                                                   # AuthentificationStepDefinition.ouvrirQualiProWeb()
    And saisir Login et PW                                                                                             # AuthentificationStepDefinition.saisirLoginPW()
    And cliquer sur ouvrir une session                                                                                 # AuthentificationStepDefinition.clickOuvrirSession()
    And saisir 1 action                                                                                                # FicheActionStepDefinition.saisir_action(int)
    When Consulter action a traiter                                                                                    # FicheActionStepDefinition.consulter_action_a_traiter()
      java.io.FileNotFoundException: src\main\resources\testData\TestData.xlsx (Le chemin d’accès spécifié est introuvable)
      	at java.base/java.io.FileInputStream.open0(Native Method)
      	at java.base/java.io.FileInputStream.open(FileInputStream.java:213)
      	at java.base/java.io.FileInputStream.<init>(FileInputStream.java:155)
      	at java.base/java.io.FileInputStream.<init>(FileInputStream.java:110)
      	at com.qualiprobdd.e2etests.util.ExcelUtils.setExcelFile(ExcelUtils.java:35)
      	at com.qualiprobdd.e2etests.moduleAction.stepdefs.FicheActionStepDefinition.consulter_action_a_traiter(FicheActionStepDefinition.java:397)
      	at ?.When Consulter action a traiter(src/specs/features/moduleAction/Action.feature:56)

    And Réaliser action avec 50                                                                                        # FicheActionStepDefinition.réaliser_action_avec(int)
    Then Vérifier etat action realisé                                                                                  # FicheActionStepDefinition.vérifier_etat_action_realisé()
    And Consulter action a suivre                                                                                      # FicheActionStepDefinition.consulter_action_a_suivre()
    Then vérifier taux réalisation                                                                                     # FicheActionStepDefinition.vérifier_taux_réalisation()
    When suivre action avec 30 et 70                                                                                   # FicheActionStepDefinition.suivre_action_avec_et(int,int)
    Then Vérifier etat action suivi                                                                                    # FicheActionStepDefinition.vérifier_etat_action_suivi()
    And Clôturée Action                                                                                                # FicheActionStepDefinition.Clôturée_Action()
 INFO [TestNG-tests-1] (AuthentificationStepDefinition.java:34) - Begin : Ouvrir l'application QualiProWeb 
Failure in after hook:Setup.afterScenario(Scenario)
Message: org.openqa.selenium.WebDriverException: chrome not reachable
  (Session info: chrome=83.0.4103.116)
Build info: version: '3.8.0', revision: '924c4067df', time: '2017-11-30T11:20:39.408Z'
System info: host: 'taz', ip: '192.168.43.160', os.name: 'Windows 10', os.arch: 'amd64', os.version: '10.0', java.version: '13'
Driver info: org.openqa.selenium.chrome.ChromeDriver
Capabilities {acceptInsecureCerts: false, browserName: chrome, browserVersion: 83.0.4103.116, chrome: {chromedriverVersion: 83.0.4103.39 (ccbf011cb2d2b..., userDataDir: C:\Users\mootez\AppData\Loc...}, goog:chromeOptions: {debuggerAddress: localhost:49493}, javascriptEnabled: true, networkConnectionEnabled: false, pageLoadStrategy: normal, platform: WINDOWS, platformName: WINDOWS, proxy: Proxy(), setWindowRect: true, strictFileInteractability: false, timeouts: {implicit: 0, pageLoad: 300000, script: 30000}, unhandledPromptBehavior: dismiss and notify, webauthn:virtualAuthenticators: true}
Session ID: a142d56106ca6cee460bec70f1ab26b0
	at java.base/jdk.internal.reflect.NativeConstructorAccessorImpl.newInstance0(Native Method)
	at java.base/jdk.internal.reflect.NativeConstructorAccessorImpl.newInstance(NativeConstructorAccessorImpl.java:62)
	at java.base/jdk.internal.reflect.DelegatingConstructorAccessorImpl.newInstance(DelegatingConstructorAccessorImpl.java:45)
	at java.base/java.lang.reflect.Constructor.newInstanceWithCaller(Constructor.java:500)
	at java.base/java.lang.reflect.Constructor.newInstance(Constructor.java:481)
	at org.openqa.selenium.remote.http.W3CHttpResponseCodec.createException(W3CHttpResponseCodec.java:187)
	at org.openqa.selenium.remote.http.W3CHttpResponseCodec.decode(W3CHttpResponseCodec.java:122)
	at org.openqa.selenium.remote.http.W3CHttpResponseCodec.decode(W3CHttpResponseCodec.java:49)
	at org.openqa.selenium.remote.HttpCommandExecutor.execute(HttpCommandExecutor.java:164)
	at org.openqa.selenium.remote.service.DriverCommandExecutor.execute(DriverCommandExecutor.java:83)
	at org.openqa.selenium.remote.RemoteWebDriver.execute(RemoteWebDriver.java:601)
	at org.openqa.selenium.remote.RemoteWebDriver.execute(RemoteWebDriver.java:658)
	at org.openqa.selenium.remote.RemoteWebDriver.getScreenshotAs(RemoteWebDriver.java:343)
	at com.qualiprobdd.e2etests.util.Setup.afterScenario(Setup.java:49)
	at java.base/jdk.internal.reflect.NativeMethodAccessorImpl.invoke0(Native Method)
	at java.base/jdk.internal.reflect.NativeMethodAccessorImpl.invoke(NativeMethodAccessorImpl.java:62)
	at java.base/jdk.internal.reflect.DelegatingMethodAccessorImpl.invoke(DelegatingMethodAccessorImpl.java:43)
	at java.base/java.lang.reflect.Method.invoke(Method.java:567)
	at cucumber.runtime.Utils$1.call(Utils.java:37)
	at cucumber.runtime.Timeout.timeout(Timeout.java:13)
	at cucumber.runtime.Utils.invoke(Utils.java:31)
	at cucumber.runtime.java.JavaHookDefinition.execute(JavaHookDefinition.java:60)
	at cucumber.runtime.Runtime.runHookIfTagsMatch(Runtime.java:223)
	at cucumber.runtime.Runtime.runHooks(Runtime.java:211)
	at cucumber.runtime.Runtime.runAfterHooks(Runtime.java:205)
	at cucumber.runtime.model.CucumberScenario.run(CucumberScenario.java:46)
	at cucumber.runtime.model.CucumberScenarioOutline.run(CucumberScenarioOutline.java:46)
	at cucumber.runtime.model.CucumberFeature.run(CucumberFeature.java:165)
	at cucumber.api.testng.TestNGCucumberRunner.runCucumber(TestNGCucumberRunner.java:63)
	at cucumber.api.testng.AbstractTestNGCucumberTests.feature(AbstractTestNGCucumberTests.java:21)
	at java.base/jdk.internal.reflect.NativeMethodAccessorImpl.invoke0(Native Method)
	at java.base/jdk.internal.reflect.NativeMethodAccessorImpl.invoke(NativeMethodAccessorImpl.java:62)
	at java.base/jdk.internal.reflect.DelegatingMethodAccessorImpl.invoke(DelegatingMethodAccessorImpl.java:43)
	at java.base/java.lang.reflect.Method.invoke(Method.java:567)
	at org.testng.internal.MethodInvocationHelper.invokeMethod(MethodInvocationHelper.java:124)
	at org.testng.internal.Invoker.invokeMethod(Invoker.java:580)
	at org.testng.internal.Invoker.invokeTestMethod(Invoker.java:716)
	at org.testng.internal.Invoker.invokeTestMethods(Invoker.java:988)
	at org.testng.internal.TestMethodWorker.invokeTestMethods(TestMethodWorker.java:125)
	at org.testng.internal.TestMethodWorker.run(TestMethodWorker.java:109)
	at org.testng.TestRunner.privateRun(TestRunner.java:648)
	at org.testng.TestRunner.run(TestRunner.java:505)
	at org.testng.SuiteRunner.runTest(SuiteRunner.java:455)
	at org.testng.SuiteRunner.access$000(SuiteRunner.java:40)
	at org.testng.SuiteRunner$SuiteWorker.run(SuiteRunner.java:489)
	at org.testng.internal.thread.ThreadUtil$1.call(ThreadUtil.java:52)
	at java.base/java.util.concurrent.FutureTask.run(FutureTask.java:264)
	at java.base/java.util.concurrent.ThreadPoolExecutor.runWorker(ThreadPoolExecutor.java:1128)
	at java.base/java.util.concurrent.ThreadPoolExecutor$Worker.run(ThreadPoolExecutor.java:628)
	at java.base/java.lang.Thread.run(Thread.java:830)

      org.openqa.selenium.WebDriverException: chrome not reachable
        (Session info: chrome=83.0.4103.116)
      Build info: version: '3.8.0', revision: '924c4067df', time: '2017-11-30T11:20:39.408Z'
      System info: host: 'taz', ip: '192.168.43.160', os.name: 'Windows 10', os.arch: 'amd64', os.version: '10.0', java.version: '13'
      Driver info: org.openqa.selenium.chrome.ChromeDriver
      Capabilities {acceptInsecureCerts: false, browserName: chrome, browserVersion: 83.0.4103.116, chrome: {chromedriverVersion: 83.0.4103.39 (ccbf011cb2d2b..., userDataDir: C:\Users\mootez\AppData\Loc...}, goog:chromeOptions: {debuggerAddress: localhost:49493}, javascriptEnabled: true, networkConnectionEnabled: false, pageLoadStrategy: normal, platform: WINDOWS, platformName: WINDOWS, proxy: Proxy(), setWindowRect: true, strictFileInteractability: false, timeouts: {implicit: 0, pageLoad: 300000, script: 30000}, unhandledPromptBehavior: dismiss and notify, webauthn:virtualAuthenticators: true}
      Session ID: a142d56106ca6cee460bec70f1ab26b0
      	at java.base/jdk.internal.reflect.NativeConstructorAccessorImpl.newInstance0(Native Method)
      	at java.base/jdk.internal.reflect.NativeConstructorAccessorImpl.newInstance(NativeConstructorAccessorImpl.java:62)
      	at java.base/jdk.internal.reflect.DelegatingConstructorAccessorImpl.newInstance(DelegatingConstructorAccessorImpl.java:45)
      	at java.base/java.lang.reflect.Constructor.newInstanceWithCaller(Constructor.java:500)
      	at java.base/java.lang.reflect.Constructor.newInstance(Constructor.java:481)
      	at org.openqa.selenium.remote.http.W3CHttpResponseCodec.createException(W3CHttpResponseCodec.java:187)
      	at org.openqa.selenium.remote.http.W3CHttpResponseCodec.decode(W3CHttpResponseCodec.java:122)
      	at org.openqa.selenium.remote.http.W3CHttpResponseCodec.decode(W3CHttpResponseCodec.java:49)
      	at org.openqa.selenium.remote.HttpCommandExecutor.execute(HttpCommandExecutor.java:164)
      	at org.openqa.selenium.remote.service.DriverCommandExecutor.execute(DriverCommandExecutor.java:83)
      	at org.openqa.selenium.remote.RemoteWebDriver.execute(RemoteWebDriver.java:601)
      	at org.openqa.selenium.remote.RemoteWebDriver.execute(RemoteWebDriver.java:658)
      	at org.openqa.selenium.remote.RemoteWebDriver.getScreenshotAs(RemoteWebDriver.java:343)
      	at com.qualiprobdd.e2etests.util.Setup.afterScenario(Setup.java:49)
      	at java.base/jdk.internal.reflect.NativeMethodAccessorImpl.invoke0(Native Method)
      	at java.base/jdk.internal.reflect.NativeMethodAccessorImpl.invoke(NativeMethodAccessorImpl.java:62)
      	at java.base/jdk.internal.reflect.DelegatingMethodAccessorImpl.invoke(DelegatingMethodAccessorImpl.java:43)
      	at java.base/java.lang.reflect.Method.invoke(Method.java:567)
      	at cucumber.runtime.Utils$1.call(Utils.java:37)
      	at cucumber.runtime.Timeout.timeout(Timeout.java:13)
      	at cucumber.runtime.Utils.invoke(Utils.java:31)
      	at cucumber.runtime.java.JavaHookDefinition.execute(JavaHookDefinition.java:60)
      	at cucumber.runtime.Runtime.runHookIfTagsMatch(Runtime.java:223)
      	at cucumber.runtime.Runtime.runHooks(Runtime.java:211)
      	at cucumber.runtime.Runtime.runAfterHooks(Runtime.java:205)
      	at cucumber.runtime.model.CucumberScenario.run(CucumberScenario.java:46)
      	at cucumber.runtime.model.CucumberScenarioOutline.run(CucumberScenarioOutline.java:46)
      	at cucumber.runtime.model.CucumberFeature.run(CucumberFeature.java:165)
      	at cucumber.api.testng.TestNGCucumberRunner.runCucumber(TestNGCucumberRunner.java:63)
      	at cucumber.api.testng.AbstractTestNGCucumberTests.feature(AbstractTestNGCucumberTests.java:21)
      	at java.base/jdk.internal.reflect.NativeMethodAccessorImpl.invoke0(Native Method)
      	at java.base/jdk.internal.reflect.NativeMethodAccessorImpl.invoke(NativeMethodAccessorImpl.java:62)
      	at java.base/jdk.internal.reflect.DelegatingMethodAccessorImpl.invoke(DelegatingMethodAccessorImpl.java:43)
      	at java.base/java.lang.reflect.Method.invoke(Method.java:567)
      	at org.testng.internal.MethodInvocationHelper.invokeMethod(MethodInvocationHelper.java:124)
      	at org.testng.internal.Invoker.invokeMethod(Invoker.java:580)
      	at org.testng.internal.Invoker.invokeTestMethod(Invoker.java:716)
      	at org.testng.internal.Invoker.invokeTestMethods(Invoker.java:988)
      	at org.testng.internal.TestMethodWorker.invokeTestMethods(TestMethodWorker.java:125)
      	at org.testng.internal.TestMethodWorker.run(TestMethodWorker.java:109)
      	at org.testng.TestRunner.privateRun(TestRunner.java:648)
      	at org.testng.TestRunner.run(TestRunner.java:505)
      	at org.testng.SuiteRunner.runTest(SuiteRunner.java:455)
      	at org.testng.SuiteRunner.access$000(SuiteRunner.java:40)
      	at org.testng.SuiteRunner$SuiteWorker.run(SuiteRunner.java:489)
      	at org.testng.internal.thread.ThreadUtil$1.call(ThreadUtil.java:52)
      	at java.base/java.util.concurrent.FutureTask.run(FutureTask.java:264)
      	at java.base/java.util.concurrent.ThreadPoolExecutor.runWorker(ThreadPoolExecutor.java:1128)
      	at java.base/java.util.concurrent.ThreadPoolExecutor$Worker.run(ThreadPoolExecutor.java:628)
      	at java.base/java.lang.Thread.run(Thread.java:830)


  @RealisationetSuiviAction
  Scenario Outline: Qualipro- En tant que responsable, je souhaite traiter et suivre l action avec des taux différents # src/specs/features/moduleAction/Action.feature:68
    Given Ouvrir le site QualiProWeb                                                                                   # AuthentificationStepDefinition.ouvrirQualiProWeb()
      org.openqa.selenium.WebDriverException: chrome not reachable
        (Session info: chrome=83.0.4103.116)
      Build info: version: '3.8.0', revision: '924c4067df', time: '2017-11-30T11:20:39.408Z'
      System info: host: 'taz', ip: '192.168.43.160', os.name: 'Windows 10', os.arch: 'amd64', os.version: '10.0', java.version: '13'
      Driver info: org.openqa.selenium.chrome.ChromeDriver
      Capabilities {acceptInsecureCerts: false, browserName: chrome, browserVersion: 83.0.4103.116, chrome: {chromedriverVersion: 83.0.4103.39 (ccbf011cb2d2b..., userDataDir: C:\Users\mootez\AppData\Loc...}, goog:chromeOptions: {debuggerAddress: localhost:49493}, javascriptEnabled: true, networkConnectionEnabled: false, pageLoadStrategy: normal, platform: WINDOWS, platformName: WINDOWS, proxy: Proxy(), setWindowRect: true, strictFileInteractability: false, timeouts: {implicit: 0, pageLoad: 300000, script: 30000}, unhandledPromptBehavior: dismiss and notify, webauthn:virtualAuthenticators: true}
      Session ID: a142d56106ca6cee460bec70f1ab26b0
      	at java.base/jdk.internal.reflect.NativeConstructorAccessorImpl.newInstance0(Native Method)
      	at java.base/jdk.internal.reflect.NativeConstructorAccessorImpl.newInstance(NativeConstructorAccessorImpl.java:62)
      	at java.base/jdk.internal.reflect.DelegatingConstructorAccessorImpl.newInstance(DelegatingConstructorAccessorImpl.java:45)
      	at java.base/java.lang.reflect.Constructor.newInstanceWithCaller(Constructor.java:500)
      	at java.base/java.lang.reflect.Constructor.newInstance(Constructor.java:481)
      	at org.openqa.selenium.remote.http.W3CHttpResponseCodec.createException(W3CHttpResponseCodec.java:187)
      	at org.openqa.selenium.remote.http.W3CHttpResponseCodec.decode(W3CHttpResponseCodec.java:122)
      	at org.openqa.selenium.remote.http.W3CHttpResponseCodec.decode(W3CHttpResponseCodec.java:49)
      	at org.openqa.selenium.remote.HttpCommandExecutor.execute(HttpCommandExecutor.java:164)
      	at org.openqa.selenium.remote.service.DriverCommandExecutor.execute(DriverCommandExecutor.java:83)
      	at org.openqa.selenium.remote.RemoteWebDriver.execute(RemoteWebDriver.java:601)
      	at org.openqa.selenium.remote.RemoteWebDriver.get(RemoteWebDriver.java:325)
      	at com.qualiprobdd.e2etests.authentification.stepdefs.AuthentificationStepDefinition.ouvrirQualiProWeb(AuthentificationStepDefinition.java:35)
      	at ?.Given Ouvrir le site QualiProWeb(src/specs/features/moduleAction/Action.feature:52)

    And saisir Login et PW                                                                                             # AuthentificationStepDefinition.saisirLoginPW()
    And cliquer sur ouvrir une session                                                                                 # AuthentificationStepDefinition.clickOuvrirSession()
    And saisir 1 action                                                                                                # FicheActionStepDefinition.saisir_action(int)
    When Consulter action a traiter                                                                                    # FicheActionStepDefinition.consulter_action_a_traiter()
    And Réaliser action avec 100                                                                                       # FicheActionStepDefinition.réaliser_action_avec(int)
    Then Vérifier etat action realisé                                                                                  # FicheActionStepDefinition.vérifier_etat_action_realisé()
    And Consulter action a suivre                                                                                      # FicheActionStepDefinition.consulter_action_a_suivre()
    Then vérifier taux réalisation                                                                                     # FicheActionStepDefinition.vérifier_taux_réalisation()
    When suivre action avec 100 et 100                                                                                 # FicheActionStepDefinition.suivre_action_avec_et(int,int)
    Then Vérifier etat action suivi                                                                                    # FicheActionStepDefinition.vérifier_etat_action_suivi()
    And Clôturée Action                                                                                                # FicheActionStepDefinition.Clôturée_Action()
]]></system-out>
    <system-err><![CDATA[Starting ChromeDriver 83.0.4103.39 (ccbf011cb2d2b19b506d844400483861342c20cd-refs/branch-heads/4103@{#416}) on port 16477
Only local connections are allowed.
Please see https://chromedriver.chromium.org/security-considerations for suggestions on keeping ChromeDriver safe.
ChromeDriver was started successfully.
juil. 09, 2020 8:35:05 PM org.openqa.selenium.remote.DesiredCapabilities chrome
INFO: Using `new ChromeOptions()` is preferred to `DesiredCapabilities.chrome()`
juil. 09, 2020 8:35:11 PM org.openqa.selenium.remote.ProtocolHandshake createSession
INFO: Detected dialect: W3C
Starting ChromeDriver 83.0.4103.39 (ccbf011cb2d2b19b506d844400483861342c20cd-refs/branch-heads/4103@{#416}) on port 30833
Only local connections are allowed.
Please see https://chromedriver.chromium.org/security-considerations for suggestions on keeping ChromeDriver safe.
ChromeDriver was started successfully.
juil. 09, 2020 8:36:11 PM org.openqa.selenium.remote.DesiredCapabilities chrome
INFO: Using `new ChromeOptions()` is preferred to `DesiredCapabilities.chrome()`
juil. 09, 2020 8:36:16 PM org.openqa.selenium.remote.ProtocolHandshake createSession
INFO: Detected dialect: W3C
[1594319780.885][WARNING]: Timed out connecting to Chrome, retrying...
[1594319788.940][WARNING]: Timed out connecting to Chrome, retrying...
[1594319801.796][WARNING]: Timed out connecting to Chrome, retrying...
[1594319814.113][WARNING]: Timed out connecting to Chrome, retrying...
]]></system-err>
  </testcase>
</testsuite>