<?xml version="1.0" encoding="UTF-8"?>
<testng-results total="1" passed="0" failed="1" skipped="0">
  <reporter-output>
  </reporter-output>
  <suite started-at="2020-07-09T16:51:10Z" name="Default suite" finished-at="2020-07-09T16:52:25Z" duration-ms="75010">
    <groups>
      <group name="cucumber">
        <method signature="AbstractTestNGCucumberTests.feature(cucumber.api.testng.CucumberFeatureWrapper)[pri:0, instance:com.qualiprobdd.e2etests.ActionRunner@5149d738]" name="feature" class="cucumber.api.testng.AbstractTestNGCucumberTests"/>
      </group> <!-- cucumber -->
    </groups>
    <test started-at="2020-07-09T16:51:10Z" name="Default test" finished-at="2020-07-09T16:52:25Z" duration-ms="75010">
      <class name="com.qualiprobdd.e2etests.ActionRunner">
        <test-method is-config="true" signature="setUpClass()[pri:0, instance:com.qualiprobdd.e2etests.ActionRunner@5149d738]" started-at="2020-07-09T18:51:10Z" name="setUpClass" finished-at="2020-07-09T18:51:11Z" duration-ms="748" status="PASS">
          <reporter-output>
          </reporter-output>
        </test-method> <!-- setUpClass -->
        <test-method signature="feature(cucumber.api.testng.CucumberFeatureWrapper)[pri:0, instance:com.qualiprobdd.e2etests.ActionRunner@5149d738]" started-at="2020-07-09T18:51:11Z" name="feature" description="Runs Cucumber Feature" data-provider="features" finished-at="2020-07-09T18:52:25Z" duration-ms="73745" status="FAIL">
          <params>
            <param index="0">
              <value>
                <![CDATA[Qualipro- Test fiche Action]]>
              </value>
            </param>
          </params>
          <exception class="cucumber.runtime.CucumberException">
            <message>
              <![CDATA[java.io.FileNotFoundException: src\main\resources\testData\TestData.xlsx (Le chemin d’accès spécifié est introuvable)]]>
            </message>
            <full-stacktrace>
              <![CDATA[cucumber.runtime.CucumberException: java.io.FileNotFoundException: src\main\resources\testData\TestData.xlsx (Le chemin d’accès spécifié est introuvable)
	at cucumber.api.testng.TestNGCucumberRunner.runCucumber(TestNGCucumberRunner.java:69)
	at cucumber.api.testng.AbstractTestNGCucumberTests.feature(AbstractTestNGCucumberTests.java:21)
	at java.base/jdk.internal.reflect.NativeMethodAccessorImpl.invoke0(Native Method)
	at java.base/jdk.internal.reflect.NativeMethodAccessorImpl.invoke(NativeMethodAccessorImpl.java:62)
	at java.base/jdk.internal.reflect.DelegatingMethodAccessorImpl.invoke(DelegatingMethodAccessorImpl.java:43)
	at java.base/java.lang.reflect.Method.invoke(Method.java:567)
	at org.testng.internal.MethodInvocationHelper.invokeMethod(MethodInvocationHelper.java:85)
	at org.testng.internal.Invoker.invokeMethod(Invoker.java:639)
	at org.testng.internal.Invoker.invokeTestMethod(Invoker.java:816)
	at org.testng.internal.Invoker.invokeTestMethods(Invoker.java:1124)
	at org.testng.internal.TestMethodWorker.invokeTestMethods(TestMethodWorker.java:125)
	at org.testng.internal.TestMethodWorker.run(TestMethodWorker.java:108)
	at org.testng.TestRunner.privateRun(TestRunner.java:774)
	at org.testng.TestRunner.run(TestRunner.java:624)
	at org.testng.SuiteRunner.runTest(SuiteRunner.java:359)
	at org.testng.SuiteRunner.runSequentially(SuiteRunner.java:354)
	at org.testng.SuiteRunner.privateRun(SuiteRunner.java:312)
	at org.testng.SuiteRunner.run(SuiteRunner.java:261)
	at org.testng.SuiteRunnerWorker.runSuite(SuiteRunnerWorker.java:52)
	at org.testng.SuiteRunnerWorker.run(SuiteRunnerWorker.java:86)
	at org.testng.TestNG.runSuitesSequentially(TestNG.java:1215)
	at org.testng.TestNG.runSuitesLocally(TestNG.java:1140)
	at org.testng.TestNG.run(TestNG.java:1048)
	at org.testng.remote.AbstractRemoteTestNG.run(AbstractRemoteTestNG.java:115)
	at org.testng.remote.RemoteTestNG.initAndRun(RemoteTestNG.java:251)
	at org.testng.remote.RemoteTestNG.main(RemoteTestNG.java:77)
Caused by: java.io.FileNotFoundException: src\main\resources\testData\TestData.xlsx (Le chemin d’accès spécifié est introuvable)
	at java.base/java.io.FileInputStream.open0(Native Method)
	at java.base/java.io.FileInputStream.open(FileInputStream.java:213)
	at java.base/java.io.FileInputStream.<init>(FileInputStream.java:155)
	at java.base/java.io.FileInputStream.<init>(FileInputStream.java:110)
	at com.qualiprobdd.e2etests.util.ExcelUtils.setExcelFile(ExcelUtils.java:35)
	at com.qualiprobdd.e2etests.moduleAction.stepdefs.FicheActionStepDefinition.consulter_action_a_traiter(FicheActionStepDefinition.java:397)
	at ✽.When Consulter action a traiter(src/specs/features/moduleAction/Action.feature:56)
]]>
            </full-stacktrace>
          </exception> <!-- cucumber.runtime.CucumberException -->
          <reporter-output>
          </reporter-output>
        </test-method> <!-- feature -->
        <test-method is-config="true" signature="writeExtentReport()[pri:0, instance:com.qualiprobdd.e2etests.ActionRunner@5149d738]" started-at="2020-07-09T18:52:25Z" name="writeExtentReport" finished-at="2020-07-09T18:52:25Z" duration-ms="1" status="PASS">
          <reporter-output>
          </reporter-output>
        </test-method> <!-- writeExtentReport -->
        <test-method is-config="true" signature="tearDownClass()[pri:0, instance:com.qualiprobdd.e2etests.ActionRunner@5149d738]" started-at="2020-07-09T18:52:25Z" name="tearDownClass" finished-at="2020-07-09T18:52:25Z" duration-ms="300" status="PASS">
          <reporter-output>
          </reporter-output>
        </test-method> <!-- tearDownClass -->
      </class> <!-- com.qualiprobdd.e2etests.ActionRunner -->
    </test> <!-- Default test -->
  </suite> <!-- Default suite -->
</testng-results>
